{"/home/nazarja/Code/fullstackopen/course/part5/client/src/App.js": {"path":"/home/nazarja/Code/fullstackopen/course/part5/client/src/App.js","statementMap":{"0":{"start":{"line":12,"column":12},"end":{"line":174,"column":1}},"1":{"start":{"line":13,"column":30},"end":{"line":13,"column":42}},"2":{"start":{"line":14,"column":34},"end":{"line":14,"column":60}},"3":{"start":{"line":15,"column":34},"end":{"line":15,"column":48}},"4":{"start":{"line":16,"column":44},"end":{"line":16,"column":58}},"5":{"start":{"line":17,"column":36},"end":{"line":17,"column":48}},"6":{"start":{"line":18,"column":36},"end":{"line":18,"column":48}},"7":{"start":{"line":19,"column":28},"end":{"line":19,"column":42}},"8":{"start":{"line":20,"column":24},"end":{"line":20,"column":41}},"9":{"start":{"line":22,"column":4},"end":{"line":26,"column":11}},"10":{"start":{"line":23,"column":8},"end":{"line":25,"column":40}},"11":{"start":{"line":25,"column":25},"end":{"line":25,"column":38}},"12":{"start":{"line":28,"column":4},"end":{"line":35,"column":11}},"13":{"start":{"line":29,"column":31},"end":{"line":29,"column":79}},"14":{"start":{"line":30,"column":8},"end":{"line":34,"column":9}},"15":{"start":{"line":31,"column":25},"end":{"line":31,"column":51}},"16":{"start":{"line":32,"column":12},"end":{"line":32,"column":26}},"17":{"start":{"line":33,"column":12},"end":{"line":33,"column":45}},"18":{"start":{"line":38,"column":20},"end":{"line":54,"column":5}},"19":{"start":{"line":39,"column":8},"end":{"line":39,"column":31}},"20":{"start":{"line":40,"column":8},"end":{"line":40,"column":47}},"21":{"start":{"line":41,"column":27},"end":{"line":45,"column":9}},"22":{"start":{"line":47,"column":8},"end":{"line":53,"column":15}},"23":{"start":{"line":50,"column":16},"end":{"line":50,"column":39}},"24":{"start":{"line":51,"column":16},"end":{"line":51,"column":51}},"25":{"start":{"line":52,"column":16},"end":{"line":52,"column":31}},"26":{"start":{"line":56,"column":29},"end":{"line":76,"column":5}},"27":{"start":{"line":57,"column":21},"end":{"line":57,"column":49}},"28":{"start":{"line":57,"column":37},"end":{"line":57,"column":48}},"29":{"start":{"line":58,"column":28},"end":{"line":58,"column":67}},"30":{"start":{"line":60,"column":8},"end":{"line":75,"column":15}},"31":{"start":{"line":63,"column":16},"end":{"line":69,"column":18}},"32":{"start":{"line":65,"column":32},"end":{"line":67,"column":33}},"33":{"start":{"line":72,"column":16},"end":{"line":72,"column":92}},"34":{"start":{"line":73,"column":16},"end":{"line":73,"column":62}},"35":{"start":{"line":73,"column":33},"end":{"line":73,"column":54}},"36":{"start":{"line":74,"column":16},"end":{"line":74,"column":57}},"37":{"start":{"line":74,"column":43},"end":{"line":74,"column":54}},"38":{"start":{"line":78,"column":23},"end":{"line":84,"column":5}},"39":{"start":{"line":79,"column":8},"end":{"line":83,"column":15}},"40":{"start":{"line":82,"column":16},"end":{"line":82,"column":63}},"41":{"start":{"line":82,"column":46},"end":{"line":82,"column":60}},"42":{"start":{"line":86,"column":24},"end":{"line":88,"column":46}},"43":{"start":{"line":88,"column":31},"end":{"line":88,"column":45}},"44":{"start":{"line":90,"column":29},"end":{"line":90,"column":70}},"45":{"start":{"line":90,"column":40},"end":{"line":90,"column":70}},"46":{"start":{"line":92,"column":17},"end":{"line":100,"column":5}},"47":{"start":{"line":93,"column":8},"end":{"line":99,"column":16}},"48":{"start":{"line":94,"column":12},"end":{"line":99,"column":14}},"49":{"start":{"line":97,"column":40},"end":{"line":97,"column":65}},"50":{"start":{"line":98,"column":34},"end":{"line":98,"column":53}},"51":{"start":{"line":102,"column":24},"end":{"line":119,"column":5}},"52":{"start":{"line":103,"column":8},"end":{"line":103,"column":31}},"53":{"start":{"line":105,"column":8},"end":{"line":118,"column":9}},"54":{"start":{"line":106,"column":25},"end":{"line":106,"column":73}},"55":{"start":{"line":108,"column":12},"end":{"line":108,"column":83}},"56":{"start":{"line":110,"column":12},"end":{"line":110,"column":45}},"57":{"start":{"line":111,"column":12},"end":{"line":111,"column":26}},"58":{"start":{"line":112,"column":12},"end":{"line":112,"column":28}},"59":{"start":{"line":113,"column":12},"end":{"line":113,"column":28}},"60":{"start":{"line":116,"column":12},"end":{"line":116,"column":49}},"61":{"start":{"line":117,"column":12},"end":{"line":117,"column":63}},"62":{"start":{"line":117,"column":31},"end":{"line":117,"column":53}},"63":{"start":{"line":121,"column":25},"end":{"line":124,"column":5}},"64":{"start":{"line":122,"column":8},"end":{"line":122,"column":36}},"65":{"start":{"line":123,"column":8},"end":{"line":123,"column":22}},"66":{"start":{"line":126,"column":22},"end":{"line":138,"column":5}},"67":{"start":{"line":127,"column":8},"end":{"line":137,"column":10}},"68":{"start":{"line":140,"column":21},"end":{"line":148,"column":5}},"69":{"start":{"line":141,"column":8},"end":{"line":147,"column":20}},"70":{"start":{"line":150,"column":4},"end":{"line":173,"column":6}},"71":{"start":{"line":164,"column":39},"end":{"line":164,"column":59}}},"fnMap":{"0":{"name":"(anonymous_0)","decl":{"start":{"line":12,"column":12},"end":{"line":12,"column":13}},"loc":{"start":{"line":12,"column":18},"end":{"line":174,"column":1}},"line":12},"1":{"name":"(anonymous_1)","decl":{"start":{"line":22,"column":14},"end":{"line":22,"column":15}},"loc":{"start":{"line":22,"column":20},"end":{"line":26,"column":5}},"line":22},"2":{"name":"(anonymous_2)","decl":{"start":{"line":25,"column":18},"end":{"line":25,"column":19}},"loc":{"start":{"line":25,"column":25},"end":{"line":25,"column":38}},"line":25},"3":{"name":"(anonymous_3)","decl":{"start":{"line":28,"column":14},"end":{"line":28,"column":15}},"loc":{"start":{"line":28,"column":20},"end":{"line":35,"column":5}},"line":28},"4":{"name":"(anonymous_4)","decl":{"start":{"line":38,"column":20},"end":{"line":38,"column":21}},"loc":{"start":{"line":38,"column":31},"end":{"line":54,"column":5}},"line":38},"5":{"name":"(anonymous_5)","decl":{"start":{"line":49,"column":18},"end":{"line":49,"column":19}},"loc":{"start":{"line":49,"column":25},"end":{"line":53,"column":13}},"line":49},"6":{"name":"(anonymous_6)","decl":{"start":{"line":56,"column":29},"end":{"line":56,"column":30}},"loc":{"start":{"line":56,"column":35},"end":{"line":76,"column":5}},"line":56},"7":{"name":"(anonymous_7)","decl":{"start":{"line":57,"column":32},"end":{"line":57,"column":33}},"loc":{"start":{"line":57,"column":37},"end":{"line":57,"column":48}},"line":57},"8":{"name":"(anonymous_8)","decl":{"start":{"line":62,"column":18},"end":{"line":62,"column":19}},"loc":{"start":{"line":62,"column":25},"end":{"line":70,"column":13}},"line":62},"9":{"name":"(anonymous_9)","decl":{"start":{"line":65,"column":24},"end":{"line":65,"column":25}},"loc":{"start":{"line":65,"column":32},"end":{"line":67,"column":33}},"line":65},"10":{"name":"(anonymous_10)","decl":{"start":{"line":71,"column":19},"end":{"line":71,"column":20}},"loc":{"start":{"line":71,"column":25},"end":{"line":75,"column":13}},"line":71},"11":{"name":"(anonymous_11)","decl":{"start":{"line":73,"column":27},"end":{"line":73,"column":28}},"loc":{"start":{"line":73,"column":33},"end":{"line":73,"column":54}},"line":73},"12":{"name":"(anonymous_12)","decl":{"start":{"line":74,"column":38},"end":{"line":74,"column":39}},"loc":{"start":{"line":74,"column":43},"end":{"line":74,"column":54}},"line":74},"13":{"name":"(anonymous_13)","decl":{"start":{"line":78,"column":23},"end":{"line":78,"column":24}},"loc":{"start":{"line":78,"column":29},"end":{"line":84,"column":5}},"line":78},"14":{"name":"(anonymous_14)","decl":{"start":{"line":81,"column":18},"end":{"line":81,"column":19}},"loc":{"start":{"line":81,"column":24},"end":{"line":83,"column":13}},"line":81},"15":{"name":"(anonymous_15)","decl":{"start":{"line":82,"column":38},"end":{"line":82,"column":39}},"loc":{"start":{"line":82,"column":46},"end":{"line":82,"column":60}},"line":82},"16":{"name":"(anonymous_16)","decl":{"start":{"line":88,"column":23},"end":{"line":88,"column":24}},"loc":{"start":{"line":88,"column":31},"end":{"line":88,"column":45}},"line":88},"17":{"name":"(anonymous_17)","decl":{"start":{"line":90,"column":29},"end":{"line":90,"column":30}},"loc":{"start":{"line":90,"column":40},"end":{"line":90,"column":70}},"line":90},"18":{"name":"(anonymous_18)","decl":{"start":{"line":92,"column":17},"end":{"line":92,"column":18}},"loc":{"start":{"line":92,"column":23},"end":{"line":100,"column":5}},"line":92},"19":{"name":"(anonymous_19)","decl":{"start":{"line":93,"column":31},"end":{"line":93,"column":32}},"loc":{"start":{"line":94,"column":12},"end":{"line":99,"column":14}},"line":94},"20":{"name":"(anonymous_20)","decl":{"start":{"line":97,"column":34},"end":{"line":97,"column":35}},"loc":{"start":{"line":97,"column":40},"end":{"line":97,"column":65}},"line":97},"21":{"name":"(anonymous_21)","decl":{"start":{"line":98,"column":28},"end":{"line":98,"column":29}},"loc":{"start":{"line":98,"column":34},"end":{"line":98,"column":53}},"line":98},"22":{"name":"(anonymous_22)","decl":{"start":{"line":102,"column":24},"end":{"line":102,"column":25}},"loc":{"start":{"line":102,"column":41},"end":{"line":119,"column":5}},"line":102},"23":{"name":"(anonymous_23)","decl":{"start":{"line":117,"column":23},"end":{"line":117,"column":24}},"loc":{"start":{"line":117,"column":29},"end":{"line":117,"column":55}},"line":117},"24":{"name":"(anonymous_24)","decl":{"start":{"line":121,"column":25},"end":{"line":121,"column":26}},"loc":{"start":{"line":121,"column":31},"end":{"line":124,"column":5}},"line":121},"25":{"name":"(anonymous_25)","decl":{"start":{"line":126,"column":22},"end":{"line":126,"column":23}},"loc":{"start":{"line":126,"column":28},"end":{"line":138,"column":5}},"line":126},"26":{"name":"(anonymous_26)","decl":{"start":{"line":140,"column":21},"end":{"line":140,"column":22}},"loc":{"start":{"line":141,"column":8},"end":{"line":147,"column":20}},"line":141},"27":{"name":"(anonymous_27)","decl":{"start":{"line":164,"column":33},"end":{"line":164,"column":34}},"loc":{"start":{"line":164,"column":39},"end":{"line":164,"column":59}},"line":164}},"branchMap":{"0":{"loc":{"start":{"line":30,"column":8},"end":{"line":34,"column":9}},"type":"if","locations":[{"start":{"line":30,"column":8},"end":{"line":34,"column":9}},{"start":{"line":30,"column":8},"end":{"line":34,"column":9}}],"line":30},"1":{"loc":{"start":{"line":65,"column":32},"end":{"line":67,"column":33}},"type":"cond-expr","locations":[{"start":{"line":66,"column":30},"end":{"line":66,"column":34}},{"start":{"line":67,"column":30},"end":{"line":67,"column":33}}],"line":65},"2":{"loc":{"start":{"line":86,"column":24},"end":{"line":88,"column":46}},"type":"cond-expr","locations":[{"start":{"line":87,"column":10},"end":{"line":87,"column":15}},{"start":{"line":88,"column":10},"end":{"line":88,"column":46}}],"line":86},"3":{"loc":{"start":{"line":154,"column":13},"end":{"line":160,"column":22}},"type":"cond-expr","locations":[{"start":{"line":155,"column":18},"end":{"line":155,"column":29}},{"start":{"line":157,"column":16},"end":{"line":160,"column":22}}],"line":154},"4":{"loc":{"start":{"line":165,"column":21},"end":{"line":165,"column":60}},"type":"cond-expr","locations":[{"start":{"line":165,"column":31},"end":{"line":165,"column":47}},{"start":{"line":165,"column":50},"end":{"line":165,"column":60}}],"line":165}},"s":{"0":1,"1":3,"2":3,"3":3,"4":3,"5":3,"6":3,"7":3,"8":3,"9":3,"10":1,"11":1,"12":3,"13":1,"14":1,"15":0,"16":0,"17":0,"18":3,"19":0,"20":0,"21":0,"22":0,"23":0,"24":0,"25":0,"26":3,"27":0,"28":0,"29":0,"30":0,"31":0,"32":0,"33":0,"34":0,"35":0,"36":0,"37":0,"38":3,"39":0,"40":0,"41":0,"42":3,"43":0,"44":3,"45":0,"46":3,"47":3,"48":3,"49":0,"50":0,"51":3,"52":0,"53":0,"54":0,"55":0,"56":0,"57":0,"58":0,"59":0,"60":0,"61":0,"62":0,"63":3,"64":0,"65":0,"66":3,"67":3,"68":3,"69":0,"70":3,"71":0},"f":{"0":3,"1":1,"2":1,"3":1,"4":0,"5":0,"6":0,"7":0,"8":0,"9":0,"10":0,"11":0,"12":0,"13":0,"14":0,"15":0,"16":0,"17":0,"18":3,"19":3,"20":0,"21":0,"22":0,"23":0,"24":0,"25":3,"26":0,"27":0},"b":{"0":[0,1],"1":[0,0],"2":[3,0],"3":[3,0],"4":[3,0]},"_coverageSchema":"43e27e138ebf9cfc5966b082cf9a028302ed4184","hash":"11f03beace35389e1760a9ac541b21fd95aa7aff"}
,"/home/nazarja/Code/fullstackopen/course/part5/client/src/index.js": {"path":"/home/nazarja/Code/fullstackopen/course/part5/client/src/index.js","statementMap":{"0":{"start":{"line":6,"column":0},"end":{"line":6,"column":58}}},"fnMap":{},"branchMap":{},"s":{"0":0},"f":{},"b":{},"hash":"3f1494ee91a57d85bf13dd378c3f39bbdb648c22"}
,"/home/nazarja/Code/fullstackopen/course/part5/client/src/components/Footer.js": {"path":"/home/nazarja/Code/fullstackopen/course/part5/client/src/components/Footer.js","statementMap":{"0":{"start":{"line":3,"column":15},"end":{"line":16,"column":1}},"1":{"start":{"line":4,"column":24},"end":{"line":8,"column":5}},"2":{"start":{"line":10,"column":4},"end":{"line":15,"column":5}}},"fnMap":{"0":{"name":"(anonymous_0)","decl":{"start":{"line":3,"column":15},"end":{"line":3,"column":16}},"loc":{"start":{"line":3,"column":21},"end":{"line":16,"column":1}},"line":3}},"branchMap":{},"s":{"0":1,"1":3,"2":3},"f":{"0":3},"b":{},"_coverageSchema":"43e27e138ebf9cfc5966b082cf9a028302ed4184","hash":"24738e7267fc4d1cdaf9099980b29abc8424d24b"}
,"/home/nazarja/Code/fullstackopen/course/part5/client/src/components/LoginForm.js": {"path":"/home/nazarja/Code/fullstackopen/course/part5/client/src/components/LoginForm.js","statementMap":{"0":{"start":{"line":4,"column":18},"end":{"line":30,"column":1}},"1":{"start":{"line":5,"column":4},"end":{"line":29,"column":6}},"2":{"start":{"line":15,"column":50},"end":{"line":15,"column":75}},"3":{"start":{"line":23,"column":50},"end":{"line":23,"column":75}},"4":{"start":{"line":32,"column":0},"end":{"line":38,"column":2}}},"fnMap":{"0":{"name":"(anonymous_0)","decl":{"start":{"line":4,"column":18},"end":{"line":4,"column":19}},"loc":{"start":{"line":4,"column":85},"end":{"line":30,"column":1}},"line":4},"1":{"name":"(anonymous_1)","decl":{"start":{"line":15,"column":34},"end":{"line":15,"column":35}},"loc":{"start":{"line":15,"column":50},"end":{"line":15,"column":75}},"line":15},"2":{"name":"(anonymous_2)","decl":{"start":{"line":23,"column":34},"end":{"line":23,"column":35}},"loc":{"start":{"line":23,"column":50},"end":{"line":23,"column":75}},"line":23}},"branchMap":{},"s":{"0":1,"1":3,"2":0,"3":0,"4":1},"f":{"0":3,"1":0,"2":0},"b":{},"_coverageSchema":"43e27e138ebf9cfc5966b082cf9a028302ed4184","hash":"090ae147abb6c3673371f52adbf5247a639a63cc"}
,"/home/nazarja/Code/fullstackopen/course/part5/client/src/components/Note.js": {"path":"/home/nazarja/Code/fullstackopen/course/part5/client/src/components/Note.js","statementMap":{"0":{"start":{"line":3,"column":13},"end":{"line":15,"column":1}},"1":{"start":{"line":4,"column":18},"end":{"line":5,"column":49}},"2":{"start":{"line":7,"column":4},"end":{"line":14,"column":6}}},"fnMap":{"0":{"name":"(anonymous_0)","decl":{"start":{"line":3,"column":13},"end":{"line":3,"column":14}},"loc":{"start":{"line":3,"column":57},"end":{"line":15,"column":1}},"line":3}},"branchMap":{"0":{"loc":{"start":{"line":4,"column":18},"end":{"line":5,"column":49}},"type":"cond-expr","locations":[{"start":{"line":5,"column":10},"end":{"line":5,"column":30}},{"start":{"line":5,"column":33},"end":{"line":5,"column":49}}],"line":4}},"s":{"0":1,"1":3,"2":3},"f":{"0":3},"b":{"0":[2,1]},"_coverageSchema":"43e27e138ebf9cfc5966b082cf9a028302ed4184","hash":"c42039e413cb606031c2e478966ed2055a744d1b"}
,"/home/nazarja/Code/fullstackopen/course/part5/client/src/components/NoteForm.js": {"path":"/home/nazarja/Code/fullstackopen/course/part5/client/src/components/NoteForm.js","statementMap":{"0":{"start":{"line":3,"column":17},"end":{"line":13,"column":1}},"1":{"start":{"line":4,"column":4},"end":{"line":12,"column":6}}},"fnMap":{"0":{"name":"(anonymous_0)","decl":{"start":{"line":3,"column":17},"end":{"line":3,"column":18}},"loc":{"start":{"line":3,"column":28},"end":{"line":13,"column":1}},"line":3}},"branchMap":{},"s":{"0":1,"1":0},"f":{"0":0},"b":{},"_coverageSchema":"43e27e138ebf9cfc5966b082cf9a028302ed4184","hash":"9504abed86e6b8fb79e2a5a862ed41aee4b968ed"}
,"/home/nazarja/Code/fullstackopen/course/part5/client/src/components/NoteFormTest.js": {"path":"/home/nazarja/Code/fullstackopen/course/part5/client/src/components/NoteFormTest.js","statementMap":{"0":{"start":{"line":3,"column":17},"end":{"line":17,"column":1}},"1":{"start":{"line":4,"column":4},"end":{"line":16,"column":6}},"2":{"start":{"line":19,"column":16},"end":{"line":32,"column":1}},"3":{"start":{"line":21,"column":21},"end":{"line":23,"column":5}},"4":{"start":{"line":22,"column":8},"end":{"line":22,"column":47}},"5":{"start":{"line":25,"column":4},"end":{"line":31,"column":6}}},"fnMap":{"0":{"name":"(anonymous_0)","decl":{"start":{"line":3,"column":17},"end":{"line":3,"column":18}},"loc":{"start":{"line":3,"column":56},"end":{"line":17,"column":1}},"line":3},"1":{"name":"(anonymous_1)","decl":{"start":{"line":19,"column":16},"end":{"line":19,"column":17}},"loc":{"start":{"line":19,"column":27},"end":{"line":32,"column":1}},"line":19},"2":{"name":"(anonymous_2)","decl":{"start":{"line":21,"column":21},"end":{"line":21,"column":22}},"loc":{"start":{"line":21,"column":32},"end":{"line":23,"column":5}},"line":21}},"branchMap":{},"s":{"0":0,"1":0,"2":0,"3":0,"4":0,"5":0},"f":{"0":0,"1":0,"2":0},"b":{},"hash":"00388a6dd8847d3cbf5a9ad1174103a4c620f6ab"}
,"/home/nazarja/Code/fullstackopen/course/part5/client/src/components/Notification.js": {"path":"/home/nazarja/Code/fullstackopen/course/part5/client/src/components/Notification.js","statementMap":{"0":{"start":{"line":3,"column":21},"end":{"line":11,"column":1}},"1":{"start":{"line":4,"column":4},"end":{"line":4,"column":38}},"2":{"start":{"line":4,"column":26},"end":{"line":4,"column":38}},"3":{"start":{"line":6,"column":4},"end":{"line":10,"column":6}}},"fnMap":{"0":{"name":"(anonymous_0)","decl":{"start":{"line":3,"column":21},"end":{"line":3,"column":22}},"loc":{"start":{"line":3,"column":49},"end":{"line":11,"column":1}},"line":3}},"branchMap":{"0":{"loc":{"start":{"line":4,"column":4},"end":{"line":4,"column":38}},"type":"if","locations":[{"start":{"line":4,"column":4},"end":{"line":4,"column":38}},{"start":{"line":4,"column":4},"end":{"line":4,"column":38}}],"line":4}},"s":{"0":1,"1":3,"2":3,"3":0},"f":{"0":3},"b":{"0":[3,0]},"_coverageSchema":"43e27e138ebf9cfc5966b082cf9a028302ed4184","hash":"983131a27c76c557c7c8e8793036606873eae4e9"}
,"/home/nazarja/Code/fullstackopen/course/part5/client/src/components/Togglable.js": {"path":"/home/nazarja/Code/fullstackopen/course/part5/client/src/components/Togglable.js","statementMap":{"0":{"start":{"line":4,"column":18},"end":{"line":31,"column":2}},"1":{"start":{"line":5,"column":34},"end":{"line":5,"column":49}},"2":{"start":{"line":7,"column":28},"end":{"line":7,"column":62}},"3":{"start":{"line":8,"column":28},"end":{"line":8,"column":62}},"4":{"start":{"line":10,"column":29},"end":{"line":12,"column":5}},"5":{"start":{"line":11,"column":8},"end":{"line":11,"column":29}},"6":{"start":{"line":14,"column":4},"end":{"line":18,"column":7}},"7":{"start":{"line":15,"column":8},"end":{"line":17,"column":10}},"8":{"start":{"line":20,"column":4},"end":{"line":30,"column":6}},"9":{"start":{"line":33,"column":0},"end":{"line":35,"column":2}}},"fnMap":{"0":{"name":"(anonymous_0)","decl":{"start":{"line":4,"column":35},"end":{"line":4,"column":36}},"loc":{"start":{"line":4,"column":51},"end":{"line":31,"column":1}},"line":4},"1":{"name":"(anonymous_1)","decl":{"start":{"line":10,"column":29},"end":{"line":10,"column":30}},"loc":{"start":{"line":10,"column":35},"end":{"line":12,"column":5}},"line":10},"2":{"name":"(anonymous_2)","decl":{"start":{"line":14,"column":29},"end":{"line":14,"column":30}},"loc":{"start":{"line":14,"column":35},"end":{"line":18,"column":5}},"line":14}},"branchMap":{"0":{"loc":{"start":{"line":7,"column":39},"end":{"line":7,"column":60}},"type":"cond-expr","locations":[{"start":{"line":7,"column":49},"end":{"line":7,"column":55}},{"start":{"line":7,"column":58},"end":{"line":7,"column":60}}],"line":7},"1":{"loc":{"start":{"line":8,"column":39},"end":{"line":8,"column":60}},"type":"cond-expr","locations":[{"start":{"line":8,"column":49},"end":{"line":8,"column":51}},{"start":{"line":8,"column":54},"end":{"line":8,"column":60}}],"line":8}},"s":{"0":1,"1":3,"2":3,"3":3,"4":3,"5":0,"6":3,"7":0,"8":3,"9":1},"f":{"0":3,"1":0,"2":0},"b":{"0":[0,3],"1":[0,3]},"_coverageSchema":"43e27e138ebf9cfc5966b082cf9a028302ed4184","hash":"5c9b05693db6cb42e4a0d216777ffb27117a5047"}
,"/home/nazarja/Code/fullstackopen/course/part5/client/src/services/login.js": {"path":"/home/nazarja/Code/fullstackopen/course/part5/client/src/services/login.js","statementMap":{"0":{"start":{"line":2,"column":16},"end":{"line":2,"column":28}},"1":{"start":{"line":4,"column":14},"end":{"line":7,"column":1}},"2":{"start":{"line":5,"column":21},"end":{"line":5,"column":59}},"3":{"start":{"line":6,"column":4},"end":{"line":6,"column":25}}},"fnMap":{"0":{"name":"(anonymous_0)","decl":{"start":{"line":4,"column":14},"end":{"line":4,"column":15}},"loc":{"start":{"line":4,"column":35},"end":{"line":7,"column":1}},"line":4}},"branchMap":{},"s":{"0":1,"1":1,"2":0,"3":0},"f":{"0":0},"b":{},"_coverageSchema":"43e27e138ebf9cfc5966b082cf9a028302ed4184","hash":"fe0f1bc35ed2a9037f5098755a31d9260c90e73b"}
,"/home/nazarja/Code/fullstackopen/course/part5/client/src/services/notes.js": {"path":"/home/nazarja/Code/fullstackopen/course/part5/client/src/services/notes.js","statementMap":{"0":{"start":{"line":2,"column":16},"end":{"line":2,"column":28}},"1":{"start":{"line":4,"column":12},"end":{"line":4,"column":16}},"2":{"start":{"line":6,"column":17},"end":{"line":8,"column":1}},"3":{"start":{"line":7,"column":4},"end":{"line":7,"column":33}},"4":{"start":{"line":10,"column":15},"end":{"line":13,"column":1}},"5":{"start":{"line":11,"column":20},"end":{"line":11,"column":38}},"6":{"start":{"line":12,"column":4},"end":{"line":12,"column":41}},"7":{"start":{"line":12,"column":31},"end":{"line":12,"column":39}},"8":{"start":{"line":15,"column":15},"end":{"line":21,"column":1}},"9":{"start":{"line":16,"column":19},"end":{"line":18,"column":5}},"10":{"start":{"line":19,"column":20},"end":{"line":19,"column":58}},"11":{"start":{"line":20,"column":4},"end":{"line":20,"column":41}},"12":{"start":{"line":20,"column":31},"end":{"line":20,"column":39}},"13":{"start":{"line":23,"column":15},"end":{"line":26,"column":1}},"14":{"start":{"line":24,"column":20},"end":{"line":24,"column":60}},"15":{"start":{"line":25,"column":4},"end":{"line":25,"column":41}},"16":{"start":{"line":25,"column":31},"end":{"line":25,"column":39}},"17":{"start":{"line":28,"column":15},"end":{"line":31,"column":1}},"18":{"start":{"line":29,"column":20},"end":{"line":29,"column":52}},"19":{"start":{"line":30,"column":4},"end":{"line":30,"column":41}},"20":{"start":{"line":30,"column":31},"end":{"line":30,"column":39}}},"fnMap":{"0":{"name":"(anonymous_0)","decl":{"start":{"line":6,"column":17},"end":{"line":6,"column":18}},"loc":{"start":{"line":6,"column":29},"end":{"line":8,"column":1}},"line":6},"1":{"name":"(anonymous_1)","decl":{"start":{"line":10,"column":15},"end":{"line":10,"column":16}},"loc":{"start":{"line":10,"column":21},"end":{"line":13,"column":1}},"line":10},"2":{"name":"(anonymous_2)","decl":{"start":{"line":12,"column":24},"end":{"line":12,"column":25}},"loc":{"start":{"line":12,"column":31},"end":{"line":12,"column":39}},"line":12},"3":{"name":"(anonymous_3)","decl":{"start":{"line":15,"column":15},"end":{"line":15,"column":16}},"loc":{"start":{"line":15,"column":28},"end":{"line":21,"column":1}},"line":15},"4":{"name":"(anonymous_4)","decl":{"start":{"line":20,"column":24},"end":{"line":20,"column":25}},"loc":{"start":{"line":20,"column":31},"end":{"line":20,"column":39}},"line":20},"5":{"name":"(anonymous_5)","decl":{"start":{"line":23,"column":15},"end":{"line":23,"column":16}},"loc":{"start":{"line":23,"column":34},"end":{"line":26,"column":1}},"line":23},"6":{"name":"(anonymous_6)","decl":{"start":{"line":25,"column":24},"end":{"line":25,"column":25}},"loc":{"start":{"line":25,"column":31},"end":{"line":25,"column":39}},"line":25},"7":{"name":"(anonymous_7)","decl":{"start":{"line":28,"column":15},"end":{"line":28,"column":16}},"loc":{"start":{"line":28,"column":21},"end":{"line":31,"column":1}},"line":28},"8":{"name":"(anonymous_8)","decl":{"start":{"line":30,"column":24},"end":{"line":30,"column":25}},"loc":{"start":{"line":30,"column":31},"end":{"line":30,"column":39}},"line":30}},"branchMap":{},"s":{"0":0,"1":0,"2":0,"3":0,"4":0,"5":0,"6":0,"7":0,"8":0,"9":0,"10":0,"11":0,"12":0,"13":0,"14":0,"15":0,"16":0,"17":0,"18":0,"19":0,"20":0},"f":{"0":0,"1":0,"2":0,"3":0,"4":0,"5":0,"6":0,"7":0,"8":0},"b":{},"hash":"deed564ca993edcf9e9195c0b1160ae9da8cce9f"}
,"/home/nazarja/Code/fullstackopen/course/part5/client/src/tests/Notes.test-old.js": {"path":"/home/nazarja/Code/fullstackopen/course/part5/client/src/tests/Notes.test-old.js","statementMap":{"0":{"start":{"line":7,"column":0},"end":{"line":7,"column":19}},"1":{"start":{"line":9,"column":0},"end":{"line":37,"column":3}},"2":{"start":{"line":10,"column":14},"end":{"line":13,"column":2}},"3":{"start":{"line":15,"column":19},"end":{"line":15,"column":48}},"4":{"start":{"line":16,"column":12},"end":{"line":16,"column":51}},"5":{"start":{"line":17,"column":1},"end":{"line":17,"column":28}},"6":{"start":{"line":22,"column":1},"end":{"line":24,"column":3}},"7":{"start":{"line":27,"column":17},"end":{"line":29,"column":2}},"8":{"start":{"line":30,"column":1},"end":{"line":30,"column":31}},"9":{"start":{"line":33,"column":13},"end":{"line":33,"column":55}},"10":{"start":{"line":34,"column":1},"end":{"line":36,"column":3}},"11":{"start":{"line":39,"column":0},"end":{"line":55,"column":3}},"12":{"start":{"line":40,"column":14},"end":{"line":43,"column":2}},"13":{"start":{"line":45,"column":21},"end":{"line":45,"column":30}},"14":{"start":{"line":47,"column":23},"end":{"line":49,"column":2}},"15":{"start":{"line":51,"column":16},"end":{"line":51,"column":47}},"16":{"start":{"line":52,"column":1},"end":{"line":52,"column":25}},"17":{"start":{"line":54,"column":1},"end":{"line":54,"column":47}}},"fnMap":{"0":{"name":"(anonymous_0)","decl":{"start":{"line":9,"column":24},"end":{"line":9,"column":25}},"loc":{"start":{"line":9,"column":30},"end":{"line":37,"column":1}},"line":9},"1":{"name":"(anonymous_1)","decl":{"start":{"line":39,"column":52},"end":{"line":39,"column":53}},"loc":{"start":{"line":39,"column":58},"end":{"line":55,"column":1}},"line":39}},"branchMap":{},"s":{"0":0,"1":0,"2":0,"3":0,"4":0,"5":0,"6":0,"7":0,"8":0,"9":0,"10":0,"11":0,"12":0,"13":0,"14":0,"15":0,"16":0,"17":0},"f":{"0":0,"1":0},"b":{},"hash":"6e534d01e8f7b1a7b59ff3a5cfac01bd19a48d67"}
,"/home/nazarja/Code/fullstackopen/course/part5/client/src/tests/NotesForm.test-old.js": {"path":"/home/nazarja/Code/fullstackopen/course/part5/client/src/tests/NotesForm.test-old.js","statementMap":{"0":{"start":{"line":6,"column":0},"end":{"line":6,"column":19}},"1":{"start":{"line":8,"column":0},"end":{"line":26,"column":3}},"2":{"start":{"line":9,"column":21},"end":{"line":9,"column":30}},"3":{"start":{"line":10,"column":18},"end":{"line":12,"column":5}},"4":{"start":{"line":14,"column":22},"end":{"line":16,"column":5}},"5":{"start":{"line":18,"column":18},"end":{"line":18,"column":60}},"6":{"start":{"line":19,"column":17},"end":{"line":19,"column":58}},"7":{"start":{"line":21,"column":4},"end":{"line":21,"column":87}},"8":{"start":{"line":22,"column":4},"end":{"line":22,"column":27}},"9":{"start":{"line":24,"column":4},"end":{"line":24,"column":47}},"10":{"start":{"line":25,"column":4},"end":{"line":25,"column":65}}},"fnMap":{"0":{"name":"(anonymous_0)","decl":{"start":{"line":8,"column":61},"end":{"line":8,"column":62}},"loc":{"start":{"line":8,"column":67},"end":{"line":26,"column":1}},"line":8}},"branchMap":{},"s":{"0":0,"1":0,"2":0,"3":0,"4":0,"5":0,"6":0,"7":0,"8":0,"9":0,"10":0},"f":{"0":0},"b":{},"hash":"53491a6a86b61a3f97eb95dc0501292c2edbbf16"}
,"/home/nazarja/Code/fullstackopen/course/part5/client/src/tests/Toggable.test-old.js": {"path":"/home/nazarja/Code/fullstackopen/course/part5/client/src/tests/Toggable.test-old.js","statementMap":{"0":{"start":{"line":6,"column":0},"end":{"line":6,"column":19}},"1":{"start":{"line":8,"column":0},"end":{"line":35,"column":3}},"2":{"start":{"line":11,"column":4},"end":{"line":17,"column":7}},"3":{"start":{"line":12,"column":8},"end":{"line":16,"column":10}},"4":{"start":{"line":19,"column":4},"end":{"line":21,"column":7}},"5":{"start":{"line":20,"column":8},"end":{"line":20,"column":54}},"6":{"start":{"line":23,"column":4},"end":{"line":26,"column":7}},"7":{"start":{"line":24,"column":20},"end":{"line":24,"column":74}},"8":{"start":{"line":25,"column":8},"end":{"line":25,"column":49}},"9":{"start":{"line":28,"column":4},"end":{"line":34,"column":7}},"10":{"start":{"line":29,"column":23},"end":{"line":29,"column":53}},"11":{"start":{"line":30,"column":8},"end":{"line":30,"column":32}},"12":{"start":{"line":32,"column":20},"end":{"line":32,"column":74}},"13":{"start":{"line":33,"column":8},"end":{"line":33,"column":53}}},"fnMap":{"0":{"name":"(anonymous_0)","decl":{"start":{"line":8,"column":26},"end":{"line":8,"column":27}},"loc":{"start":{"line":8,"column":32},"end":{"line":35,"column":1}},"line":8},"1":{"name":"(anonymous_1)","decl":{"start":{"line":11,"column":15},"end":{"line":11,"column":16}},"loc":{"start":{"line":11,"column":21},"end":{"line":17,"column":5}},"line":11},"2":{"name":"(anonymous_2)","decl":{"start":{"line":19,"column":33},"end":{"line":19,"column":34}},"loc":{"start":{"line":19,"column":39},"end":{"line":21,"column":5}},"line":19},"3":{"name":"(anonymous_3)","decl":{"start":{"line":23,"column":52},"end":{"line":23,"column":53}},"loc":{"start":{"line":23,"column":58},"end":{"line":26,"column":5}},"line":23},"4":{"name":"(anonymous_4)","decl":{"start":{"line":28,"column":62},"end":{"line":28,"column":63}},"loc":{"start":{"line":28,"column":68},"end":{"line":34,"column":5}},"line":28}},"branchMap":{},"s":{"0":0,"1":0,"2":0,"3":0,"4":0,"5":0,"6":0,"7":0,"8":0,"9":0,"10":0,"11":0,"12":0,"13":0},"f":{"0":0,"1":0,"2":0,"3":0,"4":0},"b":{},"hash":"dfea48d6b0ecbb9912f72ed83698cb522987df88"}
}
