TN:
SF:/home/nazarja/Code/fullstackopen/course/part5/client/src/App.js
FN:12,(anonymous_0)
FN:22,(anonymous_1)
FN:25,(anonymous_2)
FN:28,(anonymous_3)
FN:38,(anonymous_4)
FN:49,(anonymous_5)
FN:56,(anonymous_6)
FN:57,(anonymous_7)
FN:62,(anonymous_8)
FN:65,(anonymous_9)
FN:71,(anonymous_10)
FN:73,(anonymous_11)
FN:74,(anonymous_12)
FN:78,(anonymous_13)
FN:81,(anonymous_14)
FN:82,(anonymous_15)
FN:88,(anonymous_16)
FN:90,(anonymous_17)
FN:92,(anonymous_18)
FN:93,(anonymous_19)
FN:97,(anonymous_20)
FN:98,(anonymous_21)
FN:102,(anonymous_22)
FN:117,(anonymous_23)
FN:121,(anonymous_24)
FN:126,(anonymous_25)
FN:140,(anonymous_26)
FN:164,(anonymous_27)
FNF:28
FNH:7
FNDA:3,(anonymous_0)
FNDA:1,(anonymous_1)
FNDA:1,(anonymous_2)
FNDA:1,(anonymous_3)
FNDA:0,(anonymous_4)
FNDA:0,(anonymous_5)
FNDA:0,(anonymous_6)
FNDA:0,(anonymous_7)
FNDA:0,(anonymous_8)
FNDA:0,(anonymous_9)
FNDA:0,(anonymous_10)
FNDA:0,(anonymous_11)
FNDA:0,(anonymous_12)
FNDA:0,(anonymous_13)
FNDA:0,(anonymous_14)
FNDA:0,(anonymous_15)
FNDA:0,(anonymous_16)
FNDA:0,(anonymous_17)
FNDA:3,(anonymous_18)
FNDA:3,(anonymous_19)
FNDA:0,(anonymous_20)
FNDA:0,(anonymous_21)
FNDA:0,(anonymous_22)
FNDA:0,(anonymous_23)
FNDA:0,(anonymous_24)
FNDA:3,(anonymous_25)
FNDA:0,(anonymous_26)
FNDA:0,(anonymous_27)
DA:12,1
DA:13,3
DA:14,3
DA:15,3
DA:16,3
DA:17,3
DA:18,3
DA:19,3
DA:20,3
DA:22,3
DA:23,1
DA:25,1
DA:28,3
DA:29,1
DA:30,1
DA:31,0
DA:32,0
DA:33,0
DA:38,3
DA:39,0
DA:40,0
DA:41,0
DA:47,0
DA:50,0
DA:51,0
DA:52,0
DA:56,3
DA:57,0
DA:58,0
DA:60,0
DA:63,0
DA:65,0
DA:72,0
DA:73,0
DA:74,0
DA:78,3
DA:79,0
DA:82,0
DA:86,3
DA:88,0
DA:90,3
DA:92,3
DA:93,3
DA:94,3
DA:97,0
DA:98,0
DA:102,3
DA:103,0
DA:105,0
DA:106,0
DA:108,0
DA:110,0
DA:111,0
DA:112,0
DA:113,0
DA:116,0
DA:117,0
DA:121,3
DA:122,0
DA:123,0
DA:126,3
DA:127,3
DA:140,3
DA:141,0
DA:150,3
DA:164,0
LF:66
LH:29
BRDA:30,0,0,0
BRDA:30,0,1,1
BRDA:65,1,0,0
BRDA:65,1,1,0
BRDA:86,2,0,3
BRDA:86,2,1,0
BRDA:154,3,0,3
BRDA:154,3,1,0
BRDA:165,4,0,3
BRDA:165,4,1,0
BRF:10
BRH:4
end_of_record
TN:
SF:/home/nazarja/Code/fullstackopen/course/part5/client/src/index.js
FNF:0
FNH:0
DA:6,0
LF:1
LH:0
BRF:0
BRH:0
end_of_record
TN:
SF:/home/nazarja/Code/fullstackopen/course/part5/client/src/components/Footer.js
FN:3,(anonymous_0)
FNF:1
FNH:1
FNDA:3,(anonymous_0)
DA:3,1
DA:4,3
DA:10,3
LF:3
LH:3
BRF:0
BRH:0
end_of_record
TN:
SF:/home/nazarja/Code/fullstackopen/course/part5/client/src/components/LoginForm.js
FN:4,(anonymous_0)
FN:15,(anonymous_1)
FN:23,(anonymous_2)
FNF:3
FNH:1
FNDA:3,(anonymous_0)
FNDA:0,(anonymous_1)
FNDA:0,(anonymous_2)
DA:4,1
DA:5,3
DA:15,0
DA:23,0
DA:32,1
LF:5
LH:3
BRF:0
BRH:0
end_of_record
TN:
SF:/home/nazarja/Code/fullstackopen/course/part5/client/src/components/Note.js
FN:3,(anonymous_0)
FNF:1
FNH:1
FNDA:3,(anonymous_0)
DA:3,1
DA:4,3
DA:7,3
LF:3
LH:3
BRDA:4,0,0,2
BRDA:4,0,1,1
BRF:2
BRH:2
end_of_record
TN:
SF:/home/nazarja/Code/fullstackopen/course/part5/client/src/components/NoteForm.js
FN:3,(anonymous_0)
FNF:1
FNH:0
FNDA:0,(anonymous_0)
DA:3,1
DA:4,0
LF:2
LH:1
BRF:0
BRH:0
end_of_record
TN:
SF:/home/nazarja/Code/fullstackopen/course/part5/client/src/components/NoteFormTest.js
FN:3,(anonymous_0)
FN:19,(anonymous_1)
FN:21,(anonymous_2)
FNF:3
FNH:0
FNDA:0,(anonymous_0)
FNDA:0,(anonymous_1)
FNDA:0,(anonymous_2)
DA:3,0
DA:4,0
DA:19,0
DA:21,0
DA:22,0
DA:25,0
LF:6
LH:0
BRF:0
BRH:0
end_of_record
TN:
SF:/home/nazarja/Code/fullstackopen/course/part5/client/src/components/Notification.js
FN:3,(anonymous_0)
FNF:1
FNH:1
FNDA:3,(anonymous_0)
DA:3,1
DA:4,3
DA:6,0
LF:3
LH:2
BRDA:4,0,0,3
BRDA:4,0,1,0
BRF:2
BRH:1
end_of_record
TN:
SF:/home/nazarja/Code/fullstackopen/course/part5/client/src/components/Togglable.js
FN:4,(anonymous_0)
FN:10,(anonymous_1)
FN:14,(anonymous_2)
FNF:3
FNH:1
FNDA:3,(anonymous_0)
FNDA:0,(anonymous_1)
FNDA:0,(anonymous_2)
DA:4,1
DA:5,3
DA:7,3
DA:8,3
DA:10,3
DA:11,0
DA:14,3
DA:15,0
DA:20,3
DA:33,1
LF:10
LH:8
BRDA:7,0,0,0
BRDA:7,0,1,3
BRDA:8,1,0,0
BRDA:8,1,1,3
BRF:4
BRH:2
end_of_record
TN:
SF:/home/nazarja/Code/fullstackopen/course/part5/client/src/services/login.js
FN:4,(anonymous_0)
FNF:1
FNH:0
FNDA:0,(anonymous_0)
DA:2,1
DA:4,1
DA:5,0
DA:6,0
LF:4
LH:2
BRF:0
BRH:0
end_of_record
TN:
SF:/home/nazarja/Code/fullstackopen/course/part5/client/src/services/notes.js
FN:6,(anonymous_0)
FN:10,(anonymous_1)
FN:12,(anonymous_2)
FN:15,(anonymous_3)
FN:20,(anonymous_4)
FN:23,(anonymous_5)
FN:25,(anonymous_6)
FN:28,(anonymous_7)
FN:30,(anonymous_8)
FNF:9
FNH:0
FNDA:0,(anonymous_0)
FNDA:0,(anonymous_1)
FNDA:0,(anonymous_2)
FNDA:0,(anonymous_3)
FNDA:0,(anonymous_4)
FNDA:0,(anonymous_5)
FNDA:0,(anonymous_6)
FNDA:0,(anonymous_7)
FNDA:0,(anonymous_8)
DA:2,0
DA:4,0
DA:6,0
DA:7,0
DA:10,0
DA:11,0
DA:12,0
DA:15,0
DA:16,0
DA:19,0
DA:20,0
DA:23,0
DA:24,0
DA:25,0
DA:28,0
DA:29,0
DA:30,0
LF:17
LH:0
BRF:0
BRH:0
end_of_record
TN:
SF:/home/nazarja/Code/fullstackopen/course/part5/client/src/tests/Notes.test-old.js
FN:9,(anonymous_0)
FN:39,(anonymous_1)
FNF:2
FNH:0
FNDA:0,(anonymous_0)
FNDA:0,(anonymous_1)
DA:7,0
DA:9,0
DA:10,0
DA:15,0
DA:16,0
DA:17,0
DA:22,0
DA:27,0
DA:30,0
DA:33,0
DA:34,0
DA:39,0
DA:40,0
DA:45,0
DA:47,0
DA:51,0
DA:52,0
DA:54,0
LF:18
LH:0
BRF:0
BRH:0
end_of_record
TN:
SF:/home/nazarja/Code/fullstackopen/course/part5/client/src/tests/NotesForm.test-old.js
FN:8,(anonymous_0)
FNF:1
FNH:0
FNDA:0,(anonymous_0)
DA:6,0
DA:8,0
DA:9,0
DA:10,0
DA:14,0
DA:18,0
DA:19,0
DA:21,0
DA:22,0
DA:24,0
DA:25,0
LF:11
LH:0
BRF:0
BRH:0
end_of_record
TN:
SF:/home/nazarja/Code/fullstackopen/course/part5/client/src/tests/Toggable.test-old.js
FN:8,(anonymous_0)
FN:11,(anonymous_1)
FN:19,(anonymous_2)
FN:23,(anonymous_3)
FN:28,(anonymous_4)
FNF:5
FNH:0
FNDA:0,(anonymous_0)
FNDA:0,(anonymous_1)
FNDA:0,(anonymous_2)
FNDA:0,(anonymous_3)
FNDA:0,(anonymous_4)
DA:6,0
DA:8,0
DA:11,0
DA:12,0
DA:19,0
DA:20,0
DA:23,0
DA:24,0
DA:25,0
DA:28,0
DA:29,0
DA:30,0
DA:32,0
DA:33,0
LF:14
LH:0
BRF:0
BRH:0
end_of_record
